<?xml version="1.0" encoding="UTF-8"?>
<!-- Generated by org.testng.reporters.JUnitXMLReporter -->
<testsuite ignored="0" hostname="vivobook-asuslaptop-x512flc-x512fl" failures="0" tests="11" name="Default test" time="132.341" errors="0" timestamp="2023-11-08T09:59:33 IST">
  <testcase classname="Sanity.Atlas.Testing" name="login" time="10.042"/>
  <testcase classname="Sanity.Atlas.Testing" name="series_set" time="15.47"/>
  <testcase classname="Sanity.Atlas.Testing" name="atlaseditor" time="17.83"/>
  <testcase classname="Sanity.Atlas.Testing" name="Editmenu" time="2.992"/>
  <testcase classname="Sanity.Atlas.Testing" name="contributor" time="5.894"/>
  <testcase classname="Sanity.Atlas.Testing" name="draw" time="2.097"/>
  <testcase classname="Sanity.Atlas.Testing" name="annotation" time="21.036"/>
  <testcase classname="Sanity.Atlas.Testing" name="save" time="5.071"/>
  <testcase classname="Sanity.Atlas.Testing" name="back" time="5.851"/>
  <testcase classname="Sanity.Atlas.Testing" name="retrive" time="28.2"/>
  <testcase classname="Sanity.Atlas.Testing" name="delete" time="16.908"/>
</testsuite> <!-- Default test -->
